********************************************************************************
DUPLICATOR-LITE PACKAGE-LOG: July 26, 2018 11:56 pm
NOTICE: Do NOT post to public sites or forums 
********************************************************************************
VERSION:	1.2.40
WORDPRESS:	4.9.7
PHP INFO:	7.2.1 | SAPI: apache2handler
SERVER:		Apache/2.2.31 (Win32) DAV/2 mod_ssl/2.2.31 OpenSSL/1.0.2h mod_fcgid/2.3.9 mod_wsgi/3.4 Python/2.7.6 PHP/7.2.1 mod_perl/2.0.8 Perl/v5.16.3 
PHP TIME LIMIT: (0) no time limit imposed 
PHP MAX MEMORY: 2048M (256M default) 
MEMORY STACK: 8MB 

********************************************************************************
DATABASE:
********************************************************************************
BUILD MODE:   PHP(query limit - 100)
MYSQLTIMEOUT: 5000
MYSQLDUMP:    Not Supported 
TABLES: total:15 | filtered:0 | create:15 
FILTERED: [] 
SQL CREATED: 20180726_kleanersa_43eb8501fe9366698428180726235519_database.sql 
SQL FILE SIZE: 1.03MB (1077545) 
SQL FILE TIME: 2018-07-26 23:56:21 
SQL RUNTIME: 0.30 sec. 

******************************************************************************** 
ARCHIVE (ZIP): 
******************************************************************************** 
ARCHIVE DIR:  C:/Users/Lenovo/Desktop/wordpress3 
ARCHIVE FILE: 20180726_kleanersa_43eb8501fe9366698428180726235519_archive.zip 
FILTERS: *OFF* 
DIRS:
	not set 
FILES:
	not set 
EXTS:  not set 
---------------------------------------- 
COMPRESSING 
SIZE:	52.66MB 
STATS:	Dirs 379 | Files 3,051 
SQL ADDED: 20180726_kleanersa_43eb8501fe9366698428180726235519_database.sql 
ZipArchive Object
(
    [status] => 0
    [statusSys] => 0
    [numFiles] => 3430
    [filename] => C:\Users\Lenovo\Desktop\wordpress3\wp-snapshots\tmp\20180726_kleanersa_43eb8501fe9366698428180726235519_archive.zip
    [comment] => 
)
 
COMPRESSION RESULT: '1' 
COMPRESSED SIZE: 19.77MB 
ARCHIVE RUNTIME: 23.17 sec. 
MEMORY STACK: 8MB 

******************************************************************************** 
MAKE INSTALLER: 
******************************************************************************** 
Build Start 
Build Finished 
Preping for use 
PACK SIZE:  
Template parsed with new data 
Complete [C:/Users/Lenovo/Desktop/wordpress3/wp-snapshots/tmp/20180726_kleanersa_43eb8501fe9366698428180726235519_installer.php] 
Added to archive 

******************************************************************************** 
INTEGRITY CHECKS: 
******************************************************************************** 
SQL File: 1.03MB 
Installer File: 445.88KB 
Archive File: 19.77MB  

********************************************************************************
RECORD ID:[1]
TOTAL PROCESS RUNTIME: 24.27 sec.
PEAK PHP MEMORY USED: 10MB
DONE PROCESSING => 20180726_kleanersa July 26, 2018 11:56 pm
 
